**************************************************
Report         : passing_points

Reference      : Ref:/WORK/SYS_TOP_dft
Implementation : Imp:/WORK/SYS_TOP_dft
Version        : L-2016.03-SP1
Date           : Thu Oct 24 02:42:33 2024
**************************************************

346 Passing compare points:

  Ref  LAT        Ref:/WORK/SYS_TOP_dft/CLK_GATE_INST/U0_TLATNCAX12M
  Impl LAT        Imp:/WORK/SYS_TOP_dft/CLK_GATE_INST/U0_TLATNCAX12M

  Ref  DFF        Ref:/WORK/SYS_TOP_dft/ALU_INST/ALU_OUT_reg[0]
  Impl DFF        Imp:/WORK/SYS_TOP_dft/ALU_INST/ALU_OUT_reg[0]

  Ref  DFF        Ref:/WORK/SYS_TOP_dft/ALU_INST/ALU_OUT_reg[10]
  Impl DFF        Imp:/WORK/SYS_TOP_dft/ALU_INST/ALU_OUT_reg[10]

  Ref  DFF        Ref:/WORK/SYS_TOP_dft/ALU_INST/ALU_OUT_reg[11]
  Impl DFF        Imp:/WORK/SYS_TOP_dft/ALU_INST/ALU_OUT_reg[11]

  Ref  DFF        Ref:/WORK/SYS_TOP_dft/ALU_INST/ALU_OUT_reg[12]
  Impl DFF        Imp:/WORK/SYS_TOP_dft/ALU_INST/ALU_OUT_reg[12]

  Ref  DFF        Ref:/WORK/SYS_TOP_dft/ALU_INST/ALU_OUT_reg[13]
  Impl DFF        Imp:/WORK/SYS_TOP_dft/ALU_INST/ALU_OUT_reg[13]

  Ref  DFF        Ref:/WORK/SYS_TOP_dft/ALU_INST/ALU_OUT_reg[14]
  Impl DFF        Imp:/WORK/SYS_TOP_dft/ALU_INST/ALU_OUT_reg[14]

  Ref  DFF        Ref:/WORK/SYS_TOP_dft/ALU_INST/ALU_OUT_reg[15]
  Impl DFF        Imp:/WORK/SYS_TOP_dft/ALU_INST/ALU_OUT_reg[15]

  Ref  DFF        Ref:/WORK/SYS_TOP_dft/ALU_INST/ALU_OUT_reg[1]
  Impl DFF        Imp:/WORK/SYS_TOP_dft/ALU_INST/ALU_OUT_reg[1]

  Ref  DFF        Ref:/WORK/SYS_TOP_dft/ALU_INST/ALU_OUT_reg[2]
  Impl DFF        Imp:/WORK/SYS_TOP_dft/ALU_INST/ALU_OUT_reg[2]

  Ref  DFF        Ref:/WORK/SYS_TOP_dft/ALU_INST/ALU_OUT_reg[3]
  Impl DFF        Imp:/WORK/SYS_TOP_dft/ALU_INST/ALU_OUT_reg[3]

  Ref  DFF        Ref:/WORK/SYS_TOP_dft/ALU_INST/ALU_OUT_reg[4]
  Impl DFF        Imp:/WORK/SYS_TOP_dft/ALU_INST/ALU_OUT_reg[4]

  Ref  DFF        Ref:/WORK/SYS_TOP_dft/ALU_INST/ALU_OUT_reg[5]
  Impl DFF        Imp:/WORK/SYS_TOP_dft/ALU_INST/ALU_OUT_reg[5]

  Ref  DFF        Ref:/WORK/SYS_TOP_dft/ALU_INST/ALU_OUT_reg[6]
  Impl DFF        Imp:/WORK/SYS_TOP_dft/ALU_INST/ALU_OUT_reg[6]

  Ref  DFF        Ref:/WORK/SYS_TOP_dft/ALU_INST/ALU_OUT_reg[7]
  Impl DFF        Imp:/WORK/SYS_TOP_dft/ALU_INST/ALU_OUT_reg[7]

  Ref  DFF        Ref:/WORK/SYS_TOP_dft/ALU_INST/ALU_OUT_reg[8]
  Impl DFF        Imp:/WORK/SYS_TOP_dft/ALU_INST/ALU_OUT_reg[8]

  Ref  DFF        Ref:/WORK/SYS_TOP_dft/ALU_INST/ALU_OUT_reg[9]
  Impl DFF        Imp:/WORK/SYS_TOP_dft/ALU_INST/ALU_OUT_reg[9]

  Ref  DFF        Ref:/WORK/SYS_TOP_dft/ALU_INST/OUT_VALID_reg
  Impl DFF        Imp:/WORK/SYS_TOP_dft/ALU_INST/OUT_VALID_reg

  Ref  DFF        Ref:/WORK/SYS_TOP_dft/CLK_DIV_RX_INST/counter_reg[0]
  Impl DFF        Imp:/WORK/SYS_TOP_dft/CLK_DIV_RX_INST/counter_reg[0]

  Ref  DFF        Ref:/WORK/SYS_TOP_dft/CLK_DIV_RX_INST/counter_reg[1]
  Impl DFF        Imp:/WORK/SYS_TOP_dft/CLK_DIV_RX_INST/counter_reg[1]

  Ref  DFF        Ref:/WORK/SYS_TOP_dft/CLK_DIV_RX_INST/counter_reg[2]
  Impl DFF        Imp:/WORK/SYS_TOP_dft/CLK_DIV_RX_INST/counter_reg[2]

  Ref  DFF        Ref:/WORK/SYS_TOP_dft/CLK_DIV_RX_INST/counter_reg[3]
  Impl DFF        Imp:/WORK/SYS_TOP_dft/CLK_DIV_RX_INST/counter_reg[3]

  Ref  DFF        Ref:/WORK/SYS_TOP_dft/CLK_DIV_RX_INST/counter_reg[4]
  Impl DFF        Imp:/WORK/SYS_TOP_dft/CLK_DIV_RX_INST/counter_reg[4]

  Ref  DFF        Ref:/WORK/SYS_TOP_dft/CLK_DIV_RX_INST/counter_reg[5]
  Impl DFF        Imp:/WORK/SYS_TOP_dft/CLK_DIV_RX_INST/counter_reg[5]

  Ref  DFF        Ref:/WORK/SYS_TOP_dft/CLK_DIV_RX_INST/counter_reg[6]
  Impl DFF        Imp:/WORK/SYS_TOP_dft/CLK_DIV_RX_INST/counter_reg[6]

  Ref  DFF        Ref:/WORK/SYS_TOP_dft/CLK_DIV_RX_INST/counter_reg[7]
  Impl DFF        Imp:/WORK/SYS_TOP_dft/CLK_DIV_RX_INST/counter_reg[7]

  Ref  DFF        Ref:/WORK/SYS_TOP_dft/CLK_DIV_RX_INST/flag_reg
  Impl DFF        Imp:/WORK/SYS_TOP_dft/CLK_DIV_RX_INST/flag_reg

  Ref  DFF        Ref:/WORK/SYS_TOP_dft/CLK_DIV_RX_INST/reg_div_clk_reg
  Impl DFF        Imp:/WORK/SYS_TOP_dft/CLK_DIV_RX_INST/reg_div_clk_reg

  Ref  DFF        Ref:/WORK/SYS_TOP_dft/CLK_DIV_TX_INST/counter_reg[0]
  Impl DFF        Imp:/WORK/SYS_TOP_dft/CLK_DIV_TX_INST/counter_reg[0]

  Ref  DFF        Ref:/WORK/SYS_TOP_dft/CLK_DIV_TX_INST/counter_reg[1]
  Impl DFF        Imp:/WORK/SYS_TOP_dft/CLK_DIV_TX_INST/counter_reg[1]

  Ref  DFF        Ref:/WORK/SYS_TOP_dft/CLK_DIV_TX_INST/counter_reg[2]
  Impl DFF        Imp:/WORK/SYS_TOP_dft/CLK_DIV_TX_INST/counter_reg[2]

  Ref  DFF        Ref:/WORK/SYS_TOP_dft/CLK_DIV_TX_INST/counter_reg[3]
  Impl DFF        Imp:/WORK/SYS_TOP_dft/CLK_DIV_TX_INST/counter_reg[3]

  Ref  DFF        Ref:/WORK/SYS_TOP_dft/CLK_DIV_TX_INST/counter_reg[4]
  Impl DFF        Imp:/WORK/SYS_TOP_dft/CLK_DIV_TX_INST/counter_reg[4]

  Ref  DFF        Ref:/WORK/SYS_TOP_dft/CLK_DIV_TX_INST/counter_reg[5]
  Impl DFF        Imp:/WORK/SYS_TOP_dft/CLK_DIV_TX_INST/counter_reg[5]

  Ref  DFF        Ref:/WORK/SYS_TOP_dft/CLK_DIV_TX_INST/counter_reg[6]
  Impl DFF        Imp:/WORK/SYS_TOP_dft/CLK_DIV_TX_INST/counter_reg[6]

  Ref  DFF        Ref:/WORK/SYS_TOP_dft/CLK_DIV_TX_INST/counter_reg[7]
  Impl DFF        Imp:/WORK/SYS_TOP_dft/CLK_DIV_TX_INST/counter_reg[7]

  Ref  DFF        Ref:/WORK/SYS_TOP_dft/CLK_DIV_TX_INST/flag_reg
  Impl DFF        Imp:/WORK/SYS_TOP_dft/CLK_DIV_TX_INST/flag_reg

  Ref  DFF        Ref:/WORK/SYS_TOP_dft/CLK_DIV_TX_INST/reg_div_clk_reg
  Impl DFF        Imp:/WORK/SYS_TOP_dft/CLK_DIV_TX_INST/reg_div_clk_reg

  Ref  DFF        Ref:/WORK/SYS_TOP_dft/DATA_SYNC_INST/enable_pulse_reg
  Impl DFF        Imp:/WORK/SYS_TOP_dft/DATA_SYNC_INST/enable_pulse_reg

  Ref  DFF        Ref:/WORK/SYS_TOP_dft/DATA_SYNC_INST/sync_bus_reg[0]
  Impl DFF        Imp:/WORK/SYS_TOP_dft/DATA_SYNC_INST/sync_bus_reg[0]

  Ref  DFF        Ref:/WORK/SYS_TOP_dft/DATA_SYNC_INST/sync_bus_reg[1]
  Impl DFF        Imp:/WORK/SYS_TOP_dft/DATA_SYNC_INST/sync_bus_reg[1]

  Ref  DFF        Ref:/WORK/SYS_TOP_dft/DATA_SYNC_INST/sync_bus_reg[2]
  Impl DFF        Imp:/WORK/SYS_TOP_dft/DATA_SYNC_INST/sync_bus_reg[2]

  Ref  DFF        Ref:/WORK/SYS_TOP_dft/DATA_SYNC_INST/sync_bus_reg[3]
  Impl DFF        Imp:/WORK/SYS_TOP_dft/DATA_SYNC_INST/sync_bus_reg[3]

  Ref  DFF        Ref:/WORK/SYS_TOP_dft/DATA_SYNC_INST/sync_bus_reg[4]
  Impl DFF        Imp:/WORK/SYS_TOP_dft/DATA_SYNC_INST/sync_bus_reg[4]

  Ref  DFF        Ref:/WORK/SYS_TOP_dft/DATA_SYNC_INST/sync_bus_reg[5]
  Impl DFF        Imp:/WORK/SYS_TOP_dft/DATA_SYNC_INST/sync_bus_reg[5]

  Ref  DFF        Ref:/WORK/SYS_TOP_dft/DATA_SYNC_INST/sync_bus_reg[6]
  Impl DFF        Imp:/WORK/SYS_TOP_dft/DATA_SYNC_INST/sync_bus_reg[6]

  Ref  DFF        Ref:/WORK/SYS_TOP_dft/DATA_SYNC_INST/sync_bus_reg[7]
  Impl DFF        Imp:/WORK/SYS_TOP_dft/DATA_SYNC_INST/sync_bus_reg[7]

  Ref  DFF        Ref:/WORK/SYS_TOP_dft/DATA_SYNC_INST/sync_enable_F3_reg
  Impl DFF        Imp:/WORK/SYS_TOP_dft/DATA_SYNC_INST/sync_enable_F3_reg

  Ref  DFF        Ref:/WORK/SYS_TOP_dft/DATA_SYNC_INST/sync_enable_FF_reg[0]
  Impl DFF        Imp:/WORK/SYS_TOP_dft/DATA_SYNC_INST/sync_enable_FF_reg[0]

  Ref  DFF        Ref:/WORK/SYS_TOP_dft/DATA_SYNC_INST/sync_enable_FF_reg[1]
  Impl DFF        Imp:/WORK/SYS_TOP_dft/DATA_SYNC_INST/sync_enable_FF_reg[1]

  Ref  DFF        Ref:/WORK/SYS_TOP_dft/FIFO_INST/fifo_mem/fifo_mem_reg[0][0]
  Impl DFF        Imp:/WORK/SYS_TOP_dft/FIFO_INST/fifo_mem/fifo_mem_reg[0][0]

  Ref  DFF        Ref:/WORK/SYS_TOP_dft/FIFO_INST/fifo_mem/fifo_mem_reg[0][1]
  Impl DFF        Imp:/WORK/SYS_TOP_dft/FIFO_INST/fifo_mem/fifo_mem_reg[0][1]

  Ref  DFF        Ref:/WORK/SYS_TOP_dft/FIFO_INST/fifo_mem/fifo_mem_reg[0][2]
  Impl DFF        Imp:/WORK/SYS_TOP_dft/FIFO_INST/fifo_mem/fifo_mem_reg[0][2]

  Ref  DFF        Ref:/WORK/SYS_TOP_dft/FIFO_INST/fifo_mem/fifo_mem_reg[0][3]
  Impl DFF        Imp:/WORK/SYS_TOP_dft/FIFO_INST/fifo_mem/fifo_mem_reg[0][3]

  Ref  DFF        Ref:/WORK/SYS_TOP_dft/FIFO_INST/fifo_mem/fifo_mem_reg[0][4]
  Impl DFF        Imp:/WORK/SYS_TOP_dft/FIFO_INST/fifo_mem/fifo_mem_reg[0][4]

  Ref  DFF        Ref:/WORK/SYS_TOP_dft/FIFO_INST/fifo_mem/fifo_mem_reg[0][5]
  Impl DFF        Imp:/WORK/SYS_TOP_dft/FIFO_INST/fifo_mem/fifo_mem_reg[0][5]

  Ref  DFF        Ref:/WORK/SYS_TOP_dft/FIFO_INST/fifo_mem/fifo_mem_reg[0][6]
  Impl DFF        Imp:/WORK/SYS_TOP_dft/FIFO_INST/fifo_mem/fifo_mem_reg[0][6]

  Ref  DFF        Ref:/WORK/SYS_TOP_dft/FIFO_INST/fifo_mem/fifo_mem_reg[0][7]
  Impl DFF        Imp:/WORK/SYS_TOP_dft/FIFO_INST/fifo_mem/fifo_mem_reg[0][7]

  Ref  DFF        Ref:/WORK/SYS_TOP_dft/FIFO_INST/fifo_mem/fifo_mem_reg[1][0]
  Impl DFF        Imp:/WORK/SYS_TOP_dft/FIFO_INST/fifo_mem/fifo_mem_reg[1][0]

  Ref  DFF        Ref:/WORK/SYS_TOP_dft/FIFO_INST/fifo_mem/fifo_mem_reg[1][1]
  Impl DFF        Imp:/WORK/SYS_TOP_dft/FIFO_INST/fifo_mem/fifo_mem_reg[1][1]

  Ref  DFF        Ref:/WORK/SYS_TOP_dft/FIFO_INST/fifo_mem/fifo_mem_reg[1][2]
  Impl DFF        Imp:/WORK/SYS_TOP_dft/FIFO_INST/fifo_mem/fifo_mem_reg[1][2]

  Ref  DFF        Ref:/WORK/SYS_TOP_dft/FIFO_INST/fifo_mem/fifo_mem_reg[1][3]
  Impl DFF        Imp:/WORK/SYS_TOP_dft/FIFO_INST/fifo_mem/fifo_mem_reg[1][3]

  Ref  DFF        Ref:/WORK/SYS_TOP_dft/FIFO_INST/fifo_mem/fifo_mem_reg[1][4]
  Impl DFF        Imp:/WORK/SYS_TOP_dft/FIFO_INST/fifo_mem/fifo_mem_reg[1][4]

  Ref  DFF        Ref:/WORK/SYS_TOP_dft/FIFO_INST/fifo_mem/fifo_mem_reg[1][5]
  Impl DFF        Imp:/WORK/SYS_TOP_dft/FIFO_INST/fifo_mem/fifo_mem_reg[1][5]

  Ref  DFF        Ref:/WORK/SYS_TOP_dft/FIFO_INST/fifo_mem/fifo_mem_reg[1][6]
  Impl DFF        Imp:/WORK/SYS_TOP_dft/FIFO_INST/fifo_mem/fifo_mem_reg[1][6]

  Ref  DFF        Ref:/WORK/SYS_TOP_dft/FIFO_INST/fifo_mem/fifo_mem_reg[1][7]
  Impl DFF        Imp:/WORK/SYS_TOP_dft/FIFO_INST/fifo_mem/fifo_mem_reg[1][7]

  Ref  DFF        Ref:/WORK/SYS_TOP_dft/FIFO_INST/fifo_mem/fifo_mem_reg[2][0]
  Impl DFF        Imp:/WORK/SYS_TOP_dft/FIFO_INST/fifo_mem/fifo_mem_reg[2][0]

  Ref  DFF        Ref:/WORK/SYS_TOP_dft/FIFO_INST/fifo_mem/fifo_mem_reg[2][1]
  Impl DFF        Imp:/WORK/SYS_TOP_dft/FIFO_INST/fifo_mem/fifo_mem_reg[2][1]

  Ref  DFF        Ref:/WORK/SYS_TOP_dft/FIFO_INST/fifo_mem/fifo_mem_reg[2][2]
  Impl DFF        Imp:/WORK/SYS_TOP_dft/FIFO_INST/fifo_mem/fifo_mem_reg[2][2]

  Ref  DFF        Ref:/WORK/SYS_TOP_dft/FIFO_INST/fifo_mem/fifo_mem_reg[2][3]
  Impl DFF        Imp:/WORK/SYS_TOP_dft/FIFO_INST/fifo_mem/fifo_mem_reg[2][3]

  Ref  DFF        Ref:/WORK/SYS_TOP_dft/FIFO_INST/fifo_mem/fifo_mem_reg[2][4]
  Impl DFF        Imp:/WORK/SYS_TOP_dft/FIFO_INST/fifo_mem/fifo_mem_reg[2][4]

  Ref  DFF        Ref:/WORK/SYS_TOP_dft/FIFO_INST/fifo_mem/fifo_mem_reg[2][5]
  Impl DFF        Imp:/WORK/SYS_TOP_dft/FIFO_INST/fifo_mem/fifo_mem_reg[2][5]

  Ref  DFF        Ref:/WORK/SYS_TOP_dft/FIFO_INST/fifo_mem/fifo_mem_reg[2][6]
  Impl DFF        Imp:/WORK/SYS_TOP_dft/FIFO_INST/fifo_mem/fifo_mem_reg[2][6]

  Ref  DFF        Ref:/WORK/SYS_TOP_dft/FIFO_INST/fifo_mem/fifo_mem_reg[2][7]
  Impl DFF        Imp:/WORK/SYS_TOP_dft/FIFO_INST/fifo_mem/fifo_mem_reg[2][7]

  Ref  DFF        Ref:/WORK/SYS_TOP_dft/FIFO_INST/fifo_mem/fifo_mem_reg[3][0]
  Impl DFF        Imp:/WORK/SYS_TOP_dft/FIFO_INST/fifo_mem/fifo_mem_reg[3][0]

  Ref  DFF        Ref:/WORK/SYS_TOP_dft/FIFO_INST/fifo_mem/fifo_mem_reg[3][1]
  Impl DFF        Imp:/WORK/SYS_TOP_dft/FIFO_INST/fifo_mem/fifo_mem_reg[3][1]

  Ref  DFF        Ref:/WORK/SYS_TOP_dft/FIFO_INST/fifo_mem/fifo_mem_reg[3][2]
  Impl DFF        Imp:/WORK/SYS_TOP_dft/FIFO_INST/fifo_mem/fifo_mem_reg[3][2]

  Ref  DFF        Ref:/WORK/SYS_TOP_dft/FIFO_INST/fifo_mem/fifo_mem_reg[3][3]
  Impl DFF        Imp:/WORK/SYS_TOP_dft/FIFO_INST/fifo_mem/fifo_mem_reg[3][3]

  Ref  DFF        Ref:/WORK/SYS_TOP_dft/FIFO_INST/fifo_mem/fifo_mem_reg[3][4]
  Impl DFF        Imp:/WORK/SYS_TOP_dft/FIFO_INST/fifo_mem/fifo_mem_reg[3][4]

  Ref  DFF        Ref:/WORK/SYS_TOP_dft/FIFO_INST/fifo_mem/fifo_mem_reg[3][5]
  Impl DFF        Imp:/WORK/SYS_TOP_dft/FIFO_INST/fifo_mem/fifo_mem_reg[3][5]

  Ref  DFF        Ref:/WORK/SYS_TOP_dft/FIFO_INST/fifo_mem/fifo_mem_reg[3][6]
  Impl DFF        Imp:/WORK/SYS_TOP_dft/FIFO_INST/fifo_mem/fifo_mem_reg[3][6]

  Ref  DFF        Ref:/WORK/SYS_TOP_dft/FIFO_INST/fifo_mem/fifo_mem_reg[3][7]
  Impl DFF        Imp:/WORK/SYS_TOP_dft/FIFO_INST/fifo_mem/fifo_mem_reg[3][7]

  Ref  DFF        Ref:/WORK/SYS_TOP_dft/FIFO_INST/fifo_mem/fifo_mem_reg[4][0]
  Impl DFF        Imp:/WORK/SYS_TOP_dft/FIFO_INST/fifo_mem/fifo_mem_reg[4][0]

  Ref  DFF        Ref:/WORK/SYS_TOP_dft/FIFO_INST/fifo_mem/fifo_mem_reg[4][1]
  Impl DFF        Imp:/WORK/SYS_TOP_dft/FIFO_INST/fifo_mem/fifo_mem_reg[4][1]

  Ref  DFF        Ref:/WORK/SYS_TOP_dft/FIFO_INST/fifo_mem/fifo_mem_reg[4][2]
  Impl DFF        Imp:/WORK/SYS_TOP_dft/FIFO_INST/fifo_mem/fifo_mem_reg[4][2]

  Ref  DFF        Ref:/WORK/SYS_TOP_dft/FIFO_INST/fifo_mem/fifo_mem_reg[4][3]
  Impl DFF        Imp:/WORK/SYS_TOP_dft/FIFO_INST/fifo_mem/fifo_mem_reg[4][3]

  Ref  DFF        Ref:/WORK/SYS_TOP_dft/FIFO_INST/fifo_mem/fifo_mem_reg[4][4]
  Impl DFF        Imp:/WORK/SYS_TOP_dft/FIFO_INST/fifo_mem/fifo_mem_reg[4][4]

  Ref  DFF        Ref:/WORK/SYS_TOP_dft/FIFO_INST/fifo_mem/fifo_mem_reg[4][5]
  Impl DFF        Imp:/WORK/SYS_TOP_dft/FIFO_INST/fifo_mem/fifo_mem_reg[4][5]

  Ref  DFF        Ref:/WORK/SYS_TOP_dft/FIFO_INST/fifo_mem/fifo_mem_reg[4][6]
  Impl DFF        Imp:/WORK/SYS_TOP_dft/FIFO_INST/fifo_mem/fifo_mem_reg[4][6]

  Ref  DFF        Ref:/WORK/SYS_TOP_dft/FIFO_INST/fifo_mem/fifo_mem_reg[4][7]
  Impl DFF        Imp:/WORK/SYS_TOP_dft/FIFO_INST/fifo_mem/fifo_mem_reg[4][7]

  Ref  DFF        Ref:/WORK/SYS_TOP_dft/FIFO_INST/fifo_mem/fifo_mem_reg[5][0]
  Impl DFF        Imp:/WORK/SYS_TOP_dft/FIFO_INST/fifo_mem/fifo_mem_reg[5][0]

  Ref  DFF        Ref:/WORK/SYS_TOP_dft/FIFO_INST/fifo_mem/fifo_mem_reg[5][1]
  Impl DFF        Imp:/WORK/SYS_TOP_dft/FIFO_INST/fifo_mem/fifo_mem_reg[5][1]

  Ref  DFF        Ref:/WORK/SYS_TOP_dft/FIFO_INST/fifo_mem/fifo_mem_reg[5][2]
  Impl DFF        Imp:/WORK/SYS_TOP_dft/FIFO_INST/fifo_mem/fifo_mem_reg[5][2]

  Ref  DFF        Ref:/WORK/SYS_TOP_dft/FIFO_INST/fifo_mem/fifo_mem_reg[5][3]
  Impl DFF        Imp:/WORK/SYS_TOP_dft/FIFO_INST/fifo_mem/fifo_mem_reg[5][3]

  Ref  DFF        Ref:/WORK/SYS_TOP_dft/FIFO_INST/fifo_mem/fifo_mem_reg[5][4]
  Impl DFF        Imp:/WORK/SYS_TOP_dft/FIFO_INST/fifo_mem/fifo_mem_reg[5][4]

  Ref  DFF        Ref:/WORK/SYS_TOP_dft/FIFO_INST/fifo_mem/fifo_mem_reg[5][5]
  Impl DFF        Imp:/WORK/SYS_TOP_dft/FIFO_INST/fifo_mem/fifo_mem_reg[5][5]

  Ref  DFF        Ref:/WORK/SYS_TOP_dft/FIFO_INST/fifo_mem/fifo_mem_reg[5][6]
  Impl DFF        Imp:/WORK/SYS_TOP_dft/FIFO_INST/fifo_mem/fifo_mem_reg[5][6]

  Ref  DFF        Ref:/WORK/SYS_TOP_dft/FIFO_INST/fifo_mem/fifo_mem_reg[5][7]
  Impl DFF        Imp:/WORK/SYS_TOP_dft/FIFO_INST/fifo_mem/fifo_mem_reg[5][7]

  Ref  DFF        Ref:/WORK/SYS_TOP_dft/FIFO_INST/fifo_mem/fifo_mem_reg[6][0]
  Impl DFF        Imp:/WORK/SYS_TOP_dft/FIFO_INST/fifo_mem/fifo_mem_reg[6][0]

  Ref  DFF        Ref:/WORK/SYS_TOP_dft/FIFO_INST/fifo_mem/fifo_mem_reg[6][1]
  Impl DFF        Imp:/WORK/SYS_TOP_dft/FIFO_INST/fifo_mem/fifo_mem_reg[6][1]

  Ref  DFF        Ref:/WORK/SYS_TOP_dft/FIFO_INST/fifo_mem/fifo_mem_reg[6][2]
  Impl DFF        Imp:/WORK/SYS_TOP_dft/FIFO_INST/fifo_mem/fifo_mem_reg[6][2]

  Ref  DFF        Ref:/WORK/SYS_TOP_dft/FIFO_INST/fifo_mem/fifo_mem_reg[6][3]
  Impl DFF        Imp:/WORK/SYS_TOP_dft/FIFO_INST/fifo_mem/fifo_mem_reg[6][3]

  Ref  DFF        Ref:/WORK/SYS_TOP_dft/FIFO_INST/fifo_mem/fifo_mem_reg[6][4]
  Impl DFF        Imp:/WORK/SYS_TOP_dft/FIFO_INST/fifo_mem/fifo_mem_reg[6][4]

  Ref  DFF        Ref:/WORK/SYS_TOP_dft/FIFO_INST/fifo_mem/fifo_mem_reg[6][5]
  Impl DFF        Imp:/WORK/SYS_TOP_dft/FIFO_INST/fifo_mem/fifo_mem_reg[6][5]

  Ref  DFF        Ref:/WORK/SYS_TOP_dft/FIFO_INST/fifo_mem/fifo_mem_reg[6][6]
  Impl DFF        Imp:/WORK/SYS_TOP_dft/FIFO_INST/fifo_mem/fifo_mem_reg[6][6]

  Ref  DFF        Ref:/WORK/SYS_TOP_dft/FIFO_INST/fifo_mem/fifo_mem_reg[6][7]
  Impl DFF        Imp:/WORK/SYS_TOP_dft/FIFO_INST/fifo_mem/fifo_mem_reg[6][7]

  Ref  DFF        Ref:/WORK/SYS_TOP_dft/FIFO_INST/fifo_mem/fifo_mem_reg[7][0]
  Impl DFF        Imp:/WORK/SYS_TOP_dft/FIFO_INST/fifo_mem/fifo_mem_reg[7][0]

  Ref  DFF        Ref:/WORK/SYS_TOP_dft/FIFO_INST/fifo_mem/fifo_mem_reg[7][1]
  Impl DFF        Imp:/WORK/SYS_TOP_dft/FIFO_INST/fifo_mem/fifo_mem_reg[7][1]

  Ref  DFF        Ref:/WORK/SYS_TOP_dft/FIFO_INST/fifo_mem/fifo_mem_reg[7][2]
  Impl DFF        Imp:/WORK/SYS_TOP_dft/FIFO_INST/fifo_mem/fifo_mem_reg[7][2]

  Ref  DFF        Ref:/WORK/SYS_TOP_dft/FIFO_INST/fifo_mem/fifo_mem_reg[7][3]
  Impl DFF        Imp:/WORK/SYS_TOP_dft/FIFO_INST/fifo_mem/fifo_mem_reg[7][3]

  Ref  DFF        Ref:/WORK/SYS_TOP_dft/FIFO_INST/fifo_mem/fifo_mem_reg[7][4]
  Impl DFF        Imp:/WORK/SYS_TOP_dft/FIFO_INST/fifo_mem/fifo_mem_reg[7][4]

  Ref  DFF        Ref:/WORK/SYS_TOP_dft/FIFO_INST/fifo_mem/fifo_mem_reg[7][5]
  Impl DFF        Imp:/WORK/SYS_TOP_dft/FIFO_INST/fifo_mem/fifo_mem_reg[7][5]

  Ref  DFF        Ref:/WORK/SYS_TOP_dft/FIFO_INST/fifo_mem/fifo_mem_reg[7][6]
  Impl DFF        Imp:/WORK/SYS_TOP_dft/FIFO_INST/fifo_mem/fifo_mem_reg[7][6]

  Ref  DFF        Ref:/WORK/SYS_TOP_dft/FIFO_INST/fifo_mem/fifo_mem_reg[7][7]
  Impl DFF        Imp:/WORK/SYS_TOP_dft/FIFO_INST/fifo_mem/fifo_mem_reg[7][7]

  Ref  DFF        Ref:/WORK/SYS_TOP_dft/FIFO_INST/fifo_rd/rptr_reg[0]
  Impl DFF        Imp:/WORK/SYS_TOP_dft/FIFO_INST/fifo_rd/rptr_reg[0]

  Ref  DFF        Ref:/WORK/SYS_TOP_dft/FIFO_INST/fifo_rd/rptr_reg[1]
  Impl DFF        Imp:/WORK/SYS_TOP_dft/FIFO_INST/fifo_rd/rptr_reg[1]

  Ref  DFF        Ref:/WORK/SYS_TOP_dft/FIFO_INST/fifo_rd/rptr_reg[2]
  Impl DFF        Imp:/WORK/SYS_TOP_dft/FIFO_INST/fifo_rd/rptr_reg[2]

  Ref  DFF        Ref:/WORK/SYS_TOP_dft/FIFO_INST/fifo_rd/rptr_reg[3]
  Impl DFF        Imp:/WORK/SYS_TOP_dft/FIFO_INST/fifo_rd/rptr_reg[3]

  Ref  DFF        Ref:/WORK/SYS_TOP_dft/FIFO_INST/fifo_wr/wptr_reg[0]
  Impl DFF        Imp:/WORK/SYS_TOP_dft/FIFO_INST/fifo_wr/wptr_reg[0]

  Ref  DFF        Ref:/WORK/SYS_TOP_dft/FIFO_INST/fifo_wr/wptr_reg[1]
  Impl DFF        Imp:/WORK/SYS_TOP_dft/FIFO_INST/fifo_wr/wptr_reg[1]

  Ref  DFF        Ref:/WORK/SYS_TOP_dft/FIFO_INST/fifo_wr/wptr_reg[2]
  Impl DFF        Imp:/WORK/SYS_TOP_dft/FIFO_INST/fifo_wr/wptr_reg[2]

  Ref  DFF        Ref:/WORK/SYS_TOP_dft/FIFO_INST/fifo_wr/wptr_reg[3]
  Impl DFF        Imp:/WORK/SYS_TOP_dft/FIFO_INST/fifo_wr/wptr_reg[3]

  Ref  DFF        Ref:/WORK/SYS_TOP_dft/FIFO_INST/sync_rptr_gray_to_wptr_gray/sync_ff1_reg[0]
  Impl DFF        Imp:/WORK/SYS_TOP_dft/FIFO_INST/sync_rptr_gray_to_wptr_gray/sync_ff1_reg[0]

  Ref  DFF        Ref:/WORK/SYS_TOP_dft/FIFO_INST/sync_rptr_gray_to_wptr_gray/sync_ff1_reg[1]
  Impl DFF        Imp:/WORK/SYS_TOP_dft/FIFO_INST/sync_rptr_gray_to_wptr_gray/sync_ff1_reg[1]

  Ref  DFF        Ref:/WORK/SYS_TOP_dft/FIFO_INST/sync_rptr_gray_to_wptr_gray/sync_ff1_reg[2]
  Impl DFF        Imp:/WORK/SYS_TOP_dft/FIFO_INST/sync_rptr_gray_to_wptr_gray/sync_ff1_reg[2]

  Ref  DFF        Ref:/WORK/SYS_TOP_dft/FIFO_INST/sync_rptr_gray_to_wptr_gray/sync_ff1_reg[3]
  Impl DFF        Imp:/WORK/SYS_TOP_dft/FIFO_INST/sync_rptr_gray_to_wptr_gray/sync_ff1_reg[3]

  Ref  DFF        Ref:/WORK/SYS_TOP_dft/FIFO_INST/sync_rptr_gray_to_wptr_gray/sync_ff2_reg[0]
  Impl DFF        Imp:/WORK/SYS_TOP_dft/FIFO_INST/sync_rptr_gray_to_wptr_gray/sync_ff2_reg[0]

  Ref  DFF        Ref:/WORK/SYS_TOP_dft/FIFO_INST/sync_rptr_gray_to_wptr_gray/sync_ff2_reg[1]
  Impl DFF        Imp:/WORK/SYS_TOP_dft/FIFO_INST/sync_rptr_gray_to_wptr_gray/sync_ff2_reg[1]

  Ref  DFF        Ref:/WORK/SYS_TOP_dft/FIFO_INST/sync_rptr_gray_to_wptr_gray/sync_ff2_reg[2]
  Impl DFF        Imp:/WORK/SYS_TOP_dft/FIFO_INST/sync_rptr_gray_to_wptr_gray/sync_ff2_reg[2]

  Ref  DFF        Ref:/WORK/SYS_TOP_dft/FIFO_INST/sync_rptr_gray_to_wptr_gray/sync_ff2_reg[3]
  Impl DFF        Imp:/WORK/SYS_TOP_dft/FIFO_INST/sync_rptr_gray_to_wptr_gray/sync_ff2_reg[3]

  Ref  DFF        Ref:/WORK/SYS_TOP_dft/FIFO_INST/sync_wptr_gray_to_rptr_gray/sync_ff1_reg[0]
  Impl DFF        Imp:/WORK/SYS_TOP_dft/FIFO_INST/sync_wptr_gray_to_rptr_gray/sync_ff1_reg[0]

  Ref  DFF        Ref:/WORK/SYS_TOP_dft/FIFO_INST/sync_wptr_gray_to_rptr_gray/sync_ff1_reg[1]
  Impl DFF        Imp:/WORK/SYS_TOP_dft/FIFO_INST/sync_wptr_gray_to_rptr_gray/sync_ff1_reg[1]

  Ref  DFF        Ref:/WORK/SYS_TOP_dft/FIFO_INST/sync_wptr_gray_to_rptr_gray/sync_ff1_reg[2]
  Impl DFF        Imp:/WORK/SYS_TOP_dft/FIFO_INST/sync_wptr_gray_to_rptr_gray/sync_ff1_reg[2]

  Ref  DFF        Ref:/WORK/SYS_TOP_dft/FIFO_INST/sync_wptr_gray_to_rptr_gray/sync_ff1_reg[3]
  Impl DFF        Imp:/WORK/SYS_TOP_dft/FIFO_INST/sync_wptr_gray_to_rptr_gray/sync_ff1_reg[3]

  Ref  DFF        Ref:/WORK/SYS_TOP_dft/FIFO_INST/sync_wptr_gray_to_rptr_gray/sync_ff2_reg[0]
  Impl DFF        Imp:/WORK/SYS_TOP_dft/FIFO_INST/sync_wptr_gray_to_rptr_gray/sync_ff2_reg[0]

  Ref  DFF        Ref:/WORK/SYS_TOP_dft/FIFO_INST/sync_wptr_gray_to_rptr_gray/sync_ff2_reg[1]
  Impl DFF        Imp:/WORK/SYS_TOP_dft/FIFO_INST/sync_wptr_gray_to_rptr_gray/sync_ff2_reg[1]

  Ref  DFF        Ref:/WORK/SYS_TOP_dft/FIFO_INST/sync_wptr_gray_to_rptr_gray/sync_ff2_reg[2]
  Impl DFF        Imp:/WORK/SYS_TOP_dft/FIFO_INST/sync_wptr_gray_to_rptr_gray/sync_ff2_reg[2]

  Ref  DFF        Ref:/WORK/SYS_TOP_dft/FIFO_INST/sync_wptr_gray_to_rptr_gray/sync_ff2_reg[3]
  Impl DFF        Imp:/WORK/SYS_TOP_dft/FIFO_INST/sync_wptr_gray_to_rptr_gray/sync_ff2_reg[3]

  Ref  DFF        Ref:/WORK/SYS_TOP_dft/PLSE_GEN_INST/pls_flop_reg
  Impl DFF        Imp:/WORK/SYS_TOP_dft/PLSE_GEN_INST/pls_flop_reg

  Ref  DFF        Ref:/WORK/SYS_TOP_dft/PLSE_GEN_INST/rcv_flop_reg
  Impl DFF        Imp:/WORK/SYS_TOP_dft/PLSE_GEN_INST/rcv_flop_reg

  Ref  DFF        Ref:/WORK/SYS_TOP_dft/REG_FILE_INST/RdData_VLD_reg
  Impl DFF        Imp:/WORK/SYS_TOP_dft/REG_FILE_INST/RdData_VLD_reg

  Ref  DFF        Ref:/WORK/SYS_TOP_dft/REG_FILE_INST/RdData_reg[0]
  Impl DFF        Imp:/WORK/SYS_TOP_dft/REG_FILE_INST/RdData_reg[0]

  Ref  DFF        Ref:/WORK/SYS_TOP_dft/REG_FILE_INST/RdData_reg[1]
  Impl DFF        Imp:/WORK/SYS_TOP_dft/REG_FILE_INST/RdData_reg[1]

  Ref  DFF        Ref:/WORK/SYS_TOP_dft/REG_FILE_INST/RdData_reg[2]
  Impl DFF        Imp:/WORK/SYS_TOP_dft/REG_FILE_INST/RdData_reg[2]

  Ref  DFF        Ref:/WORK/SYS_TOP_dft/REG_FILE_INST/RdData_reg[3]
  Impl DFF        Imp:/WORK/SYS_TOP_dft/REG_FILE_INST/RdData_reg[3]

  Ref  DFF        Ref:/WORK/SYS_TOP_dft/REG_FILE_INST/RdData_reg[4]
  Impl DFF        Imp:/WORK/SYS_TOP_dft/REG_FILE_INST/RdData_reg[4]

  Ref  DFF        Ref:/WORK/SYS_TOP_dft/REG_FILE_INST/RdData_reg[5]
  Impl DFF        Imp:/WORK/SYS_TOP_dft/REG_FILE_INST/RdData_reg[5]

  Ref  DFF        Ref:/WORK/SYS_TOP_dft/REG_FILE_INST/RdData_reg[6]
  Impl DFF        Imp:/WORK/SYS_TOP_dft/REG_FILE_INST/RdData_reg[6]

  Ref  DFF        Ref:/WORK/SYS_TOP_dft/REG_FILE_INST/RdData_reg[7]
  Impl DFF        Imp:/WORK/SYS_TOP_dft/REG_FILE_INST/RdData_reg[7]

  Ref  DFF        Ref:/WORK/SYS_TOP_dft/REG_FILE_INST/regArr_reg[0][0]
  Impl DFF        Imp:/WORK/SYS_TOP_dft/REG_FILE_INST/regArr_reg[0][0]

  Ref  DFF        Ref:/WORK/SYS_TOP_dft/REG_FILE_INST/regArr_reg[0][1]
  Impl DFF        Imp:/WORK/SYS_TOP_dft/REG_FILE_INST/regArr_reg[0][1]

  Ref  DFF        Ref:/WORK/SYS_TOP_dft/REG_FILE_INST/regArr_reg[0][2]
  Impl DFF        Imp:/WORK/SYS_TOP_dft/REG_FILE_INST/regArr_reg[0][2]

  Ref  DFF        Ref:/WORK/SYS_TOP_dft/REG_FILE_INST/regArr_reg[0][3]
  Impl DFF        Imp:/WORK/SYS_TOP_dft/REG_FILE_INST/regArr_reg[0][3]

  Ref  DFF        Ref:/WORK/SYS_TOP_dft/REG_FILE_INST/regArr_reg[0][4]
  Impl DFF        Imp:/WORK/SYS_TOP_dft/REG_FILE_INST/regArr_reg[0][4]

  Ref  DFF        Ref:/WORK/SYS_TOP_dft/REG_FILE_INST/regArr_reg[0][5]
  Impl DFF        Imp:/WORK/SYS_TOP_dft/REG_FILE_INST/regArr_reg[0][5]

  Ref  DFF        Ref:/WORK/SYS_TOP_dft/REG_FILE_INST/regArr_reg[0][6]
  Impl DFF        Imp:/WORK/SYS_TOP_dft/REG_FILE_INST/regArr_reg[0][6]

  Ref  DFF        Ref:/WORK/SYS_TOP_dft/REG_FILE_INST/regArr_reg[0][7]
  Impl DFF        Imp:/WORK/SYS_TOP_dft/REG_FILE_INST/regArr_reg[0][7]

  Ref  DFF        Ref:/WORK/SYS_TOP_dft/REG_FILE_INST/regArr_reg[10][0]
  Impl DFF        Imp:/WORK/SYS_TOP_dft/REG_FILE_INST/regArr_reg[10][0]

  Ref  DFF        Ref:/WORK/SYS_TOP_dft/REG_FILE_INST/regArr_reg[10][1]
  Impl DFF        Imp:/WORK/SYS_TOP_dft/REG_FILE_INST/regArr_reg[10][1]

  Ref  DFF        Ref:/WORK/SYS_TOP_dft/REG_FILE_INST/regArr_reg[10][2]
  Impl DFF        Imp:/WORK/SYS_TOP_dft/REG_FILE_INST/regArr_reg[10][2]

  Ref  DFF        Ref:/WORK/SYS_TOP_dft/REG_FILE_INST/regArr_reg[10][3]
  Impl DFF        Imp:/WORK/SYS_TOP_dft/REG_FILE_INST/regArr_reg[10][3]

  Ref  DFF        Ref:/WORK/SYS_TOP_dft/REG_FILE_INST/regArr_reg[10][4]
  Impl DFF        Imp:/WORK/SYS_TOP_dft/REG_FILE_INST/regArr_reg[10][4]

  Ref  DFF        Ref:/WORK/SYS_TOP_dft/REG_FILE_INST/regArr_reg[10][5]
  Impl DFF        Imp:/WORK/SYS_TOP_dft/REG_FILE_INST/regArr_reg[10][5]

  Ref  DFF        Ref:/WORK/SYS_TOP_dft/REG_FILE_INST/regArr_reg[10][6]
  Impl DFF        Imp:/WORK/SYS_TOP_dft/REG_FILE_INST/regArr_reg[10][6]

  Ref  DFF        Ref:/WORK/SYS_TOP_dft/REG_FILE_INST/regArr_reg[10][7]
  Impl DFF        Imp:/WORK/SYS_TOP_dft/REG_FILE_INST/regArr_reg[10][7]

  Ref  DFF        Ref:/WORK/SYS_TOP_dft/REG_FILE_INST/regArr_reg[11][0]
  Impl DFF        Imp:/WORK/SYS_TOP_dft/REG_FILE_INST/regArr_reg[11][0]

  Ref  DFF        Ref:/WORK/SYS_TOP_dft/REG_FILE_INST/regArr_reg[11][1]
  Impl DFF        Imp:/WORK/SYS_TOP_dft/REG_FILE_INST/regArr_reg[11][1]

  Ref  DFF        Ref:/WORK/SYS_TOP_dft/REG_FILE_INST/regArr_reg[11][2]
  Impl DFF        Imp:/WORK/SYS_TOP_dft/REG_FILE_INST/regArr_reg[11][2]

  Ref  DFF        Ref:/WORK/SYS_TOP_dft/REG_FILE_INST/regArr_reg[11][3]
  Impl DFF        Imp:/WORK/SYS_TOP_dft/REG_FILE_INST/regArr_reg[11][3]

  Ref  DFF        Ref:/WORK/SYS_TOP_dft/REG_FILE_INST/regArr_reg[11][4]
  Impl DFF        Imp:/WORK/SYS_TOP_dft/REG_FILE_INST/regArr_reg[11][4]

  Ref  DFF        Ref:/WORK/SYS_TOP_dft/REG_FILE_INST/regArr_reg[11][5]
  Impl DFF        Imp:/WORK/SYS_TOP_dft/REG_FILE_INST/regArr_reg[11][5]

  Ref  DFF        Ref:/WORK/SYS_TOP_dft/REG_FILE_INST/regArr_reg[11][6]
  Impl DFF        Imp:/WORK/SYS_TOP_dft/REG_FILE_INST/regArr_reg[11][6]

  Ref  DFF        Ref:/WORK/SYS_TOP_dft/REG_FILE_INST/regArr_reg[11][7]
  Impl DFF        Imp:/WORK/SYS_TOP_dft/REG_FILE_INST/regArr_reg[11][7]

  Ref  DFF        Ref:/WORK/SYS_TOP_dft/REG_FILE_INST/regArr_reg[12][0]
  Impl DFF        Imp:/WORK/SYS_TOP_dft/REG_FILE_INST/regArr_reg[12][0]

  Ref  DFF        Ref:/WORK/SYS_TOP_dft/REG_FILE_INST/regArr_reg[12][1]
  Impl DFF        Imp:/WORK/SYS_TOP_dft/REG_FILE_INST/regArr_reg[12][1]

  Ref  DFF        Ref:/WORK/SYS_TOP_dft/REG_FILE_INST/regArr_reg[12][2]
  Impl DFF        Imp:/WORK/SYS_TOP_dft/REG_FILE_INST/regArr_reg[12][2]

  Ref  DFF        Ref:/WORK/SYS_TOP_dft/REG_FILE_INST/regArr_reg[12][3]
  Impl DFF        Imp:/WORK/SYS_TOP_dft/REG_FILE_INST/regArr_reg[12][3]

  Ref  DFF        Ref:/WORK/SYS_TOP_dft/REG_FILE_INST/regArr_reg[12][4]
  Impl DFF        Imp:/WORK/SYS_TOP_dft/REG_FILE_INST/regArr_reg[12][4]

  Ref  DFF        Ref:/WORK/SYS_TOP_dft/REG_FILE_INST/regArr_reg[12][5]
  Impl DFF        Imp:/WORK/SYS_TOP_dft/REG_FILE_INST/regArr_reg[12][5]

  Ref  DFF        Ref:/WORK/SYS_TOP_dft/REG_FILE_INST/regArr_reg[12][6]
  Impl DFF        Imp:/WORK/SYS_TOP_dft/REG_FILE_INST/regArr_reg[12][6]

  Ref  DFF        Ref:/WORK/SYS_TOP_dft/REG_FILE_INST/regArr_reg[12][7]
  Impl DFF        Imp:/WORK/SYS_TOP_dft/REG_FILE_INST/regArr_reg[12][7]

  Ref  DFF        Ref:/WORK/SYS_TOP_dft/REG_FILE_INST/regArr_reg[13][0]
  Impl DFF        Imp:/WORK/SYS_TOP_dft/REG_FILE_INST/regArr_reg[13][0]

  Ref  DFF        Ref:/WORK/SYS_TOP_dft/REG_FILE_INST/regArr_reg[13][1]
  Impl DFF        Imp:/WORK/SYS_TOP_dft/REG_FILE_INST/regArr_reg[13][1]

  Ref  DFF        Ref:/WORK/SYS_TOP_dft/REG_FILE_INST/regArr_reg[13][2]
  Impl DFF        Imp:/WORK/SYS_TOP_dft/REG_FILE_INST/regArr_reg[13][2]

  Ref  DFF        Ref:/WORK/SYS_TOP_dft/REG_FILE_INST/regArr_reg[13][3]
  Impl DFF        Imp:/WORK/SYS_TOP_dft/REG_FILE_INST/regArr_reg[13][3]

  Ref  DFF        Ref:/WORK/SYS_TOP_dft/REG_FILE_INST/regArr_reg[13][4]
  Impl DFF        Imp:/WORK/SYS_TOP_dft/REG_FILE_INST/regArr_reg[13][4]

  Ref  DFF        Ref:/WORK/SYS_TOP_dft/REG_FILE_INST/regArr_reg[13][5]
  Impl DFF        Imp:/WORK/SYS_TOP_dft/REG_FILE_INST/regArr_reg[13][5]

  Ref  DFF        Ref:/WORK/SYS_TOP_dft/REG_FILE_INST/regArr_reg[13][6]
  Impl DFF        Imp:/WORK/SYS_TOP_dft/REG_FILE_INST/regArr_reg[13][6]

  Ref  DFF        Ref:/WORK/SYS_TOP_dft/REG_FILE_INST/regArr_reg[13][7]
  Impl DFF        Imp:/WORK/SYS_TOP_dft/REG_FILE_INST/regArr_reg[13][7]

  Ref  DFF        Ref:/WORK/SYS_TOP_dft/REG_FILE_INST/regArr_reg[14][0]
  Impl DFF        Imp:/WORK/SYS_TOP_dft/REG_FILE_INST/regArr_reg[14][0]

  Ref  DFF        Ref:/WORK/SYS_TOP_dft/REG_FILE_INST/regArr_reg[14][1]
  Impl DFF        Imp:/WORK/SYS_TOP_dft/REG_FILE_INST/regArr_reg[14][1]

  Ref  DFF        Ref:/WORK/SYS_TOP_dft/REG_FILE_INST/regArr_reg[14][2]
  Impl DFF        Imp:/WORK/SYS_TOP_dft/REG_FILE_INST/regArr_reg[14][2]

  Ref  DFF        Ref:/WORK/SYS_TOP_dft/REG_FILE_INST/regArr_reg[14][3]
  Impl DFF        Imp:/WORK/SYS_TOP_dft/REG_FILE_INST/regArr_reg[14][3]

  Ref  DFF        Ref:/WORK/SYS_TOP_dft/REG_FILE_INST/regArr_reg[14][4]
  Impl DFF        Imp:/WORK/SYS_TOP_dft/REG_FILE_INST/regArr_reg[14][4]

  Ref  DFF        Ref:/WORK/SYS_TOP_dft/REG_FILE_INST/regArr_reg[14][5]
  Impl DFF        Imp:/WORK/SYS_TOP_dft/REG_FILE_INST/regArr_reg[14][5]

  Ref  DFF        Ref:/WORK/SYS_TOP_dft/REG_FILE_INST/regArr_reg[14][6]
  Impl DFF        Imp:/WORK/SYS_TOP_dft/REG_FILE_INST/regArr_reg[14][6]

  Ref  DFF        Ref:/WORK/SYS_TOP_dft/REG_FILE_INST/regArr_reg[14][7]
  Impl DFF        Imp:/WORK/SYS_TOP_dft/REG_FILE_INST/regArr_reg[14][7]

  Ref  DFF        Ref:/WORK/SYS_TOP_dft/REG_FILE_INST/regArr_reg[15][0]
  Impl DFF        Imp:/WORK/SYS_TOP_dft/REG_FILE_INST/regArr_reg[15][0]

  Ref  DFF        Ref:/WORK/SYS_TOP_dft/REG_FILE_INST/regArr_reg[15][1]
  Impl DFF        Imp:/WORK/SYS_TOP_dft/REG_FILE_INST/regArr_reg[15][1]

  Ref  DFF        Ref:/WORK/SYS_TOP_dft/REG_FILE_INST/regArr_reg[15][2]
  Impl DFF        Imp:/WORK/SYS_TOP_dft/REG_FILE_INST/regArr_reg[15][2]

  Ref  DFF        Ref:/WORK/SYS_TOP_dft/REG_FILE_INST/regArr_reg[15][3]
  Impl DFF        Imp:/WORK/SYS_TOP_dft/REG_FILE_INST/regArr_reg[15][3]

  Ref  DFF        Ref:/WORK/SYS_TOP_dft/REG_FILE_INST/regArr_reg[15][4]
  Impl DFF        Imp:/WORK/SYS_TOP_dft/REG_FILE_INST/regArr_reg[15][4]

  Ref  DFF        Ref:/WORK/SYS_TOP_dft/REG_FILE_INST/regArr_reg[15][5]
  Impl DFF        Imp:/WORK/SYS_TOP_dft/REG_FILE_INST/regArr_reg[15][5]

  Ref  DFF        Ref:/WORK/SYS_TOP_dft/REG_FILE_INST/regArr_reg[15][6]
  Impl DFF        Imp:/WORK/SYS_TOP_dft/REG_FILE_INST/regArr_reg[15][6]

  Ref  DFF        Ref:/WORK/SYS_TOP_dft/REG_FILE_INST/regArr_reg[15][7]
  Impl DFF        Imp:/WORK/SYS_TOP_dft/REG_FILE_INST/regArr_reg[15][7]

  Ref  DFF        Ref:/WORK/SYS_TOP_dft/REG_FILE_INST/regArr_reg[1][0]
  Impl DFF        Imp:/WORK/SYS_TOP_dft/REG_FILE_INST/regArr_reg[1][0]

  Ref  DFF        Ref:/WORK/SYS_TOP_dft/REG_FILE_INST/regArr_reg[1][1]
  Impl DFF        Imp:/WORK/SYS_TOP_dft/REG_FILE_INST/regArr_reg[1][1]

  Ref  DFF        Ref:/WORK/SYS_TOP_dft/REG_FILE_INST/regArr_reg[1][2]
  Impl DFF        Imp:/WORK/SYS_TOP_dft/REG_FILE_INST/regArr_reg[1][2]

  Ref  DFF        Ref:/WORK/SYS_TOP_dft/REG_FILE_INST/regArr_reg[1][3]
  Impl DFF        Imp:/WORK/SYS_TOP_dft/REG_FILE_INST/regArr_reg[1][3]

  Ref  DFF        Ref:/WORK/SYS_TOP_dft/REG_FILE_INST/regArr_reg[1][4]
  Impl DFF        Imp:/WORK/SYS_TOP_dft/REG_FILE_INST/regArr_reg[1][4]

  Ref  DFF        Ref:/WORK/SYS_TOP_dft/REG_FILE_INST/regArr_reg[1][5]
  Impl DFF        Imp:/WORK/SYS_TOP_dft/REG_FILE_INST/regArr_reg[1][5]

  Ref  DFF        Ref:/WORK/SYS_TOP_dft/REG_FILE_INST/regArr_reg[1][6]
  Impl DFF        Imp:/WORK/SYS_TOP_dft/REG_FILE_INST/regArr_reg[1][6]

  Ref  DFF        Ref:/WORK/SYS_TOP_dft/REG_FILE_INST/regArr_reg[1][7]
  Impl DFF        Imp:/WORK/SYS_TOP_dft/REG_FILE_INST/regArr_reg[1][7]

  Ref  DFF        Ref:/WORK/SYS_TOP_dft/REG_FILE_INST/regArr_reg[2][0]
  Impl DFF        Imp:/WORK/SYS_TOP_dft/REG_FILE_INST/regArr_reg[2][0]

  Ref  DFF        Ref:/WORK/SYS_TOP_dft/REG_FILE_INST/regArr_reg[2][1]
  Impl DFF        Imp:/WORK/SYS_TOP_dft/REG_FILE_INST/regArr_reg[2][1]

  Ref  DFF        Ref:/WORK/SYS_TOP_dft/REG_FILE_INST/regArr_reg[2][2]
  Impl DFF        Imp:/WORK/SYS_TOP_dft/REG_FILE_INST/regArr_reg[2][2]

  Ref  DFF        Ref:/WORK/SYS_TOP_dft/REG_FILE_INST/regArr_reg[2][3]
  Impl DFF        Imp:/WORK/SYS_TOP_dft/REG_FILE_INST/regArr_reg[2][3]

  Ref  DFF        Ref:/WORK/SYS_TOP_dft/REG_FILE_INST/regArr_reg[2][4]
  Impl DFF        Imp:/WORK/SYS_TOP_dft/REG_FILE_INST/regArr_reg[2][4]

  Ref  DFF        Ref:/WORK/SYS_TOP_dft/REG_FILE_INST/regArr_reg[2][5]
  Impl DFF        Imp:/WORK/SYS_TOP_dft/REG_FILE_INST/regArr_reg[2][5]

  Ref  DFF        Ref:/WORK/SYS_TOP_dft/REG_FILE_INST/regArr_reg[2][6]
  Impl DFF        Imp:/WORK/SYS_TOP_dft/REG_FILE_INST/regArr_reg[2][6]

  Ref  DFF        Ref:/WORK/SYS_TOP_dft/REG_FILE_INST/regArr_reg[2][7]
  Impl DFF        Imp:/WORK/SYS_TOP_dft/REG_FILE_INST/regArr_reg[2][7]

  Ref  DFF        Ref:/WORK/SYS_TOP_dft/REG_FILE_INST/regArr_reg[3][0]
  Impl DFF        Imp:/WORK/SYS_TOP_dft/REG_FILE_INST/regArr_reg[3][0]

  Ref  DFF        Ref:/WORK/SYS_TOP_dft/REG_FILE_INST/regArr_reg[3][1]
  Impl DFF        Imp:/WORK/SYS_TOP_dft/REG_FILE_INST/regArr_reg[3][1]

  Ref  DFF        Ref:/WORK/SYS_TOP_dft/REG_FILE_INST/regArr_reg[3][2]
  Impl DFF        Imp:/WORK/SYS_TOP_dft/REG_FILE_INST/regArr_reg[3][2]

  Ref  DFF        Ref:/WORK/SYS_TOP_dft/REG_FILE_INST/regArr_reg[3][3]
  Impl DFF        Imp:/WORK/SYS_TOP_dft/REG_FILE_INST/regArr_reg[3][3]

  Ref  DFF        Ref:/WORK/SYS_TOP_dft/REG_FILE_INST/regArr_reg[3][4]
  Impl DFF        Imp:/WORK/SYS_TOP_dft/REG_FILE_INST/regArr_reg[3][4]

  Ref  DFF        Ref:/WORK/SYS_TOP_dft/REG_FILE_INST/regArr_reg[3][5]
  Impl DFF        Imp:/WORK/SYS_TOP_dft/REG_FILE_INST/regArr_reg[3][5]

  Ref  DFF        Ref:/WORK/SYS_TOP_dft/REG_FILE_INST/regArr_reg[3][6]
  Impl DFF        Imp:/WORK/SYS_TOP_dft/REG_FILE_INST/regArr_reg[3][6]

  Ref  DFF        Ref:/WORK/SYS_TOP_dft/REG_FILE_INST/regArr_reg[3][7]
  Impl DFF        Imp:/WORK/SYS_TOP_dft/REG_FILE_INST/regArr_reg[3][7]

  Ref  DFF        Ref:/WORK/SYS_TOP_dft/REG_FILE_INST/regArr_reg[4][0]
  Impl DFF        Imp:/WORK/SYS_TOP_dft/REG_FILE_INST/regArr_reg[4][0]

  Ref  DFF        Ref:/WORK/SYS_TOP_dft/REG_FILE_INST/regArr_reg[4][1]
  Impl DFF        Imp:/WORK/SYS_TOP_dft/REG_FILE_INST/regArr_reg[4][1]

  Ref  DFF        Ref:/WORK/SYS_TOP_dft/REG_FILE_INST/regArr_reg[4][2]
  Impl DFF        Imp:/WORK/SYS_TOP_dft/REG_FILE_INST/regArr_reg[4][2]

  Ref  DFF        Ref:/WORK/SYS_TOP_dft/REG_FILE_INST/regArr_reg[4][3]
  Impl DFF        Imp:/WORK/SYS_TOP_dft/REG_FILE_INST/regArr_reg[4][3]

  Ref  DFF        Ref:/WORK/SYS_TOP_dft/REG_FILE_INST/regArr_reg[4][4]
  Impl DFF        Imp:/WORK/SYS_TOP_dft/REG_FILE_INST/regArr_reg[4][4]

  Ref  DFF        Ref:/WORK/SYS_TOP_dft/REG_FILE_INST/regArr_reg[4][5]
  Impl DFF        Imp:/WORK/SYS_TOP_dft/REG_FILE_INST/regArr_reg[4][5]

  Ref  DFF        Ref:/WORK/SYS_TOP_dft/REG_FILE_INST/regArr_reg[4][6]
  Impl DFF        Imp:/WORK/SYS_TOP_dft/REG_FILE_INST/regArr_reg[4][6]

  Ref  DFF        Ref:/WORK/SYS_TOP_dft/REG_FILE_INST/regArr_reg[4][7]
  Impl DFF        Imp:/WORK/SYS_TOP_dft/REG_FILE_INST/regArr_reg[4][7]

  Ref  DFF        Ref:/WORK/SYS_TOP_dft/REG_FILE_INST/regArr_reg[5][0]
  Impl DFF        Imp:/WORK/SYS_TOP_dft/REG_FILE_INST/regArr_reg[5][0]

  Ref  DFF        Ref:/WORK/SYS_TOP_dft/REG_FILE_INST/regArr_reg[5][1]
  Impl DFF        Imp:/WORK/SYS_TOP_dft/REG_FILE_INST/regArr_reg[5][1]

  Ref  DFF        Ref:/WORK/SYS_TOP_dft/REG_FILE_INST/regArr_reg[5][2]
  Impl DFF        Imp:/WORK/SYS_TOP_dft/REG_FILE_INST/regArr_reg[5][2]

  Ref  DFF        Ref:/WORK/SYS_TOP_dft/REG_FILE_INST/regArr_reg[5][3]
  Impl DFF        Imp:/WORK/SYS_TOP_dft/REG_FILE_INST/regArr_reg[5][3]

  Ref  DFF        Ref:/WORK/SYS_TOP_dft/REG_FILE_INST/regArr_reg[5][4]
  Impl DFF        Imp:/WORK/SYS_TOP_dft/REG_FILE_INST/regArr_reg[5][4]

  Ref  DFF        Ref:/WORK/SYS_TOP_dft/REG_FILE_INST/regArr_reg[5][5]
  Impl DFF        Imp:/WORK/SYS_TOP_dft/REG_FILE_INST/regArr_reg[5][5]

  Ref  DFF        Ref:/WORK/SYS_TOP_dft/REG_FILE_INST/regArr_reg[5][6]
  Impl DFF        Imp:/WORK/SYS_TOP_dft/REG_FILE_INST/regArr_reg[5][6]

  Ref  DFF        Ref:/WORK/SYS_TOP_dft/REG_FILE_INST/regArr_reg[5][7]
  Impl DFF        Imp:/WORK/SYS_TOP_dft/REG_FILE_INST/regArr_reg[5][7]

  Ref  DFF        Ref:/WORK/SYS_TOP_dft/REG_FILE_INST/regArr_reg[6][0]
  Impl DFF        Imp:/WORK/SYS_TOP_dft/REG_FILE_INST/regArr_reg[6][0]

  Ref  DFF        Ref:/WORK/SYS_TOP_dft/REG_FILE_INST/regArr_reg[6][1]
  Impl DFF        Imp:/WORK/SYS_TOP_dft/REG_FILE_INST/regArr_reg[6][1]

  Ref  DFF        Ref:/WORK/SYS_TOP_dft/REG_FILE_INST/regArr_reg[6][2]
  Impl DFF        Imp:/WORK/SYS_TOP_dft/REG_FILE_INST/regArr_reg[6][2]

  Ref  DFF        Ref:/WORK/SYS_TOP_dft/REG_FILE_INST/regArr_reg[6][3]
  Impl DFF        Imp:/WORK/SYS_TOP_dft/REG_FILE_INST/regArr_reg[6][3]

  Ref  DFF        Ref:/WORK/SYS_TOP_dft/REG_FILE_INST/regArr_reg[6][4]
  Impl DFF        Imp:/WORK/SYS_TOP_dft/REG_FILE_INST/regArr_reg[6][4]

  Ref  DFF        Ref:/WORK/SYS_TOP_dft/REG_FILE_INST/regArr_reg[6][5]
  Impl DFF        Imp:/WORK/SYS_TOP_dft/REG_FILE_INST/regArr_reg[6][5]

  Ref  DFF        Ref:/WORK/SYS_TOP_dft/REG_FILE_INST/regArr_reg[6][6]
  Impl DFF        Imp:/WORK/SYS_TOP_dft/REG_FILE_INST/regArr_reg[6][6]

  Ref  DFF        Ref:/WORK/SYS_TOP_dft/REG_FILE_INST/regArr_reg[6][7]
  Impl DFF        Imp:/WORK/SYS_TOP_dft/REG_FILE_INST/regArr_reg[6][7]

  Ref  DFF        Ref:/WORK/SYS_TOP_dft/REG_FILE_INST/regArr_reg[7][0]
  Impl DFF        Imp:/WORK/SYS_TOP_dft/REG_FILE_INST/regArr_reg[7][0]

  Ref  DFF        Ref:/WORK/SYS_TOP_dft/REG_FILE_INST/regArr_reg[7][1]
  Impl DFF        Imp:/WORK/SYS_TOP_dft/REG_FILE_INST/regArr_reg[7][1]

  Ref  DFF        Ref:/WORK/SYS_TOP_dft/REG_FILE_INST/regArr_reg[7][2]
  Impl DFF        Imp:/WORK/SYS_TOP_dft/REG_FILE_INST/regArr_reg[7][2]

  Ref  DFF        Ref:/WORK/SYS_TOP_dft/REG_FILE_INST/regArr_reg[7][3]
  Impl DFF        Imp:/WORK/SYS_TOP_dft/REG_FILE_INST/regArr_reg[7][3]

  Ref  DFF        Ref:/WORK/SYS_TOP_dft/REG_FILE_INST/regArr_reg[7][4]
  Impl DFF        Imp:/WORK/SYS_TOP_dft/REG_FILE_INST/regArr_reg[7][4]

  Ref  DFF        Ref:/WORK/SYS_TOP_dft/REG_FILE_INST/regArr_reg[7][5]
  Impl DFF        Imp:/WORK/SYS_TOP_dft/REG_FILE_INST/regArr_reg[7][5]

  Ref  DFF        Ref:/WORK/SYS_TOP_dft/REG_FILE_INST/regArr_reg[7][6]
  Impl DFF        Imp:/WORK/SYS_TOP_dft/REG_FILE_INST/regArr_reg[7][6]

  Ref  DFF        Ref:/WORK/SYS_TOP_dft/REG_FILE_INST/regArr_reg[7][7]
  Impl DFF        Imp:/WORK/SYS_TOP_dft/REG_FILE_INST/regArr_reg[7][7]

  Ref  DFF        Ref:/WORK/SYS_TOP_dft/REG_FILE_INST/regArr_reg[8][0]
  Impl DFF        Imp:/WORK/SYS_TOP_dft/REG_FILE_INST/regArr_reg[8][0]

  Ref  DFF        Ref:/WORK/SYS_TOP_dft/REG_FILE_INST/regArr_reg[8][1]
  Impl DFF        Imp:/WORK/SYS_TOP_dft/REG_FILE_INST/regArr_reg[8][1]

  Ref  DFF        Ref:/WORK/SYS_TOP_dft/REG_FILE_INST/regArr_reg[8][2]
  Impl DFF        Imp:/WORK/SYS_TOP_dft/REG_FILE_INST/regArr_reg[8][2]

  Ref  DFF        Ref:/WORK/SYS_TOP_dft/REG_FILE_INST/regArr_reg[8][3]
  Impl DFF        Imp:/WORK/SYS_TOP_dft/REG_FILE_INST/regArr_reg[8][3]

  Ref  DFF        Ref:/WORK/SYS_TOP_dft/REG_FILE_INST/regArr_reg[8][4]
  Impl DFF        Imp:/WORK/SYS_TOP_dft/REG_FILE_INST/regArr_reg[8][4]

  Ref  DFF        Ref:/WORK/SYS_TOP_dft/REG_FILE_INST/regArr_reg[8][5]
  Impl DFF        Imp:/WORK/SYS_TOP_dft/REG_FILE_INST/regArr_reg[8][5]

  Ref  DFF        Ref:/WORK/SYS_TOP_dft/REG_FILE_INST/regArr_reg[8][6]
  Impl DFF        Imp:/WORK/SYS_TOP_dft/REG_FILE_INST/regArr_reg[8][6]

  Ref  DFF        Ref:/WORK/SYS_TOP_dft/REG_FILE_INST/regArr_reg[8][7]
  Impl DFF        Imp:/WORK/SYS_TOP_dft/REG_FILE_INST/regArr_reg[8][7]

  Ref  DFF        Ref:/WORK/SYS_TOP_dft/REG_FILE_INST/regArr_reg[9][0]
  Impl DFF        Imp:/WORK/SYS_TOP_dft/REG_FILE_INST/regArr_reg[9][0]

  Ref  DFF        Ref:/WORK/SYS_TOP_dft/REG_FILE_INST/regArr_reg[9][1]
  Impl DFF        Imp:/WORK/SYS_TOP_dft/REG_FILE_INST/regArr_reg[9][1]

  Ref  DFF        Ref:/WORK/SYS_TOP_dft/REG_FILE_INST/regArr_reg[9][2]
  Impl DFF        Imp:/WORK/SYS_TOP_dft/REG_FILE_INST/regArr_reg[9][2]

  Ref  DFF        Ref:/WORK/SYS_TOP_dft/REG_FILE_INST/regArr_reg[9][3]
  Impl DFF        Imp:/WORK/SYS_TOP_dft/REG_FILE_INST/regArr_reg[9][3]

  Ref  DFF        Ref:/WORK/SYS_TOP_dft/REG_FILE_INST/regArr_reg[9][4]
  Impl DFF        Imp:/WORK/SYS_TOP_dft/REG_FILE_INST/regArr_reg[9][4]

  Ref  DFF        Ref:/WORK/SYS_TOP_dft/REG_FILE_INST/regArr_reg[9][5]
  Impl DFF        Imp:/WORK/SYS_TOP_dft/REG_FILE_INST/regArr_reg[9][5]

  Ref  DFF        Ref:/WORK/SYS_TOP_dft/REG_FILE_INST/regArr_reg[9][6]
  Impl DFF        Imp:/WORK/SYS_TOP_dft/REG_FILE_INST/regArr_reg[9][6]

  Ref  DFF        Ref:/WORK/SYS_TOP_dft/REG_FILE_INST/regArr_reg[9][7]
  Impl DFF        Imp:/WORK/SYS_TOP_dft/REG_FILE_INST/regArr_reg[9][7]

  Ref  DFF        Ref:/WORK/SYS_TOP_dft/RST_SYNC1_INST/FFs_reg[0]
  Impl DFF        Imp:/WORK/SYS_TOP_dft/RST_SYNC1_INST/FFs_reg[0]

  Ref  DFF        Ref:/WORK/SYS_TOP_dft/RST_SYNC1_INST/FFs_reg[1]
  Impl DFF        Imp:/WORK/SYS_TOP_dft/RST_SYNC1_INST/FFs_reg[1]

  Ref  DFF        Ref:/WORK/SYS_TOP_dft/RST_SYNC2_INST/FFs_reg[0]
  Impl DFF        Imp:/WORK/SYS_TOP_dft/RST_SYNC2_INST/FFs_reg[0]

  Ref  DFF        Ref:/WORK/SYS_TOP_dft/RST_SYNC2_INST/FFs_reg[1]
  Impl DFF        Imp:/WORK/SYS_TOP_dft/RST_SYNC2_INST/FFs_reg[1]

  Ref  DFF        Ref:/WORK/SYS_TOP_dft/SYS_CTRL_INST/ALU_OUT_BYTE_reg
  Impl DFF        Imp:/WORK/SYS_TOP_dft/SYS_CTRL_INST/ALU_OUT_BYTE_reg

  Ref  DFF        Ref:/WORK/SYS_TOP_dft/SYS_CTRL_INST/Address_s_reg[0]
  Impl DFF        Imp:/WORK/SYS_TOP_dft/SYS_CTRL_INST/Address_s_reg[0]

  Ref  DFF        Ref:/WORK/SYS_TOP_dft/SYS_CTRL_INST/Address_s_reg[1]
  Impl DFF        Imp:/WORK/SYS_TOP_dft/SYS_CTRL_INST/Address_s_reg[1]

  Ref  DFF        Ref:/WORK/SYS_TOP_dft/SYS_CTRL_INST/Address_s_reg[2]
  Impl DFF        Imp:/WORK/SYS_TOP_dft/SYS_CTRL_INST/Address_s_reg[2]

  Ref  DFF        Ref:/WORK/SYS_TOP_dft/SYS_CTRL_INST/Address_s_reg[3]
  Impl DFF        Imp:/WORK/SYS_TOP_dft/SYS_CTRL_INST/Address_s_reg[3]

  Ref  DFF        Ref:/WORK/SYS_TOP_dft/SYS_CTRL_INST/state_reg[0]
  Impl DFF        Imp:/WORK/SYS_TOP_dft/SYS_CTRL_INST/state_reg[0]

  Ref  DFF        Ref:/WORK/SYS_TOP_dft/SYS_CTRL_INST/state_reg[1]
  Impl DFF        Imp:/WORK/SYS_TOP_dft/SYS_CTRL_INST/state_reg[1]

  Ref  DFF        Ref:/WORK/SYS_TOP_dft/SYS_CTRL_INST/state_reg[2]
  Impl DFF        Imp:/WORK/SYS_TOP_dft/SYS_CTRL_INST/state_reg[2]

  Ref  DFF        Ref:/WORK/SYS_TOP_dft/SYS_CTRL_INST/state_reg[3]
  Impl DFF        Imp:/WORK/SYS_TOP_dft/SYS_CTRL_INST/state_reg[3]

  Ref  DFF        Ref:/WORK/SYS_TOP_dft/UART_INST/U0_UART_RX/U0_data_sampling/Samples_reg[0]
  Impl DFF        Imp:/WORK/SYS_TOP_dft/UART_INST/U0_UART_RX/U0_data_sampling/Samples_reg[0]

  Ref  DFF        Ref:/WORK/SYS_TOP_dft/UART_INST/U0_UART_RX/U0_data_sampling/Samples_reg[1]
  Impl DFF        Imp:/WORK/SYS_TOP_dft/UART_INST/U0_UART_RX/U0_data_sampling/Samples_reg[1]

  Ref  DFF        Ref:/WORK/SYS_TOP_dft/UART_INST/U0_UART_RX/U0_data_sampling/Samples_reg[2]
  Impl DFF        Imp:/WORK/SYS_TOP_dft/UART_INST/U0_UART_RX/U0_data_sampling/Samples_reg[2]

  Ref  DFF        Ref:/WORK/SYS_TOP_dft/UART_INST/U0_UART_RX/U0_data_sampling/sampled_bit_reg
  Impl DFF        Imp:/WORK/SYS_TOP_dft/UART_INST/U0_UART_RX/U0_data_sampling/sampled_bit_reg

  Ref  DFF        Ref:/WORK/SYS_TOP_dft/UART_INST/U0_UART_RX/U0_deserializer/P_DATA_reg[0]
  Impl DFF        Imp:/WORK/SYS_TOP_dft/UART_INST/U0_UART_RX/U0_deserializer/P_DATA_reg[0]

  Ref  DFF        Ref:/WORK/SYS_TOP_dft/UART_INST/U0_UART_RX/U0_deserializer/P_DATA_reg[1]
  Impl DFF        Imp:/WORK/SYS_TOP_dft/UART_INST/U0_UART_RX/U0_deserializer/P_DATA_reg[1]

  Ref  DFF        Ref:/WORK/SYS_TOP_dft/UART_INST/U0_UART_RX/U0_deserializer/P_DATA_reg[2]
  Impl DFF        Imp:/WORK/SYS_TOP_dft/UART_INST/U0_UART_RX/U0_deserializer/P_DATA_reg[2]

  Ref  DFF        Ref:/WORK/SYS_TOP_dft/UART_INST/U0_UART_RX/U0_deserializer/P_DATA_reg[3]
  Impl DFF        Imp:/WORK/SYS_TOP_dft/UART_INST/U0_UART_RX/U0_deserializer/P_DATA_reg[3]

  Ref  DFF        Ref:/WORK/SYS_TOP_dft/UART_INST/U0_UART_RX/U0_deserializer/P_DATA_reg[4]
  Impl DFF        Imp:/WORK/SYS_TOP_dft/UART_INST/U0_UART_RX/U0_deserializer/P_DATA_reg[4]

  Ref  DFF        Ref:/WORK/SYS_TOP_dft/UART_INST/U0_UART_RX/U0_deserializer/P_DATA_reg[5]
  Impl DFF        Imp:/WORK/SYS_TOP_dft/UART_INST/U0_UART_RX/U0_deserializer/P_DATA_reg[5]

  Ref  DFF        Ref:/WORK/SYS_TOP_dft/UART_INST/U0_UART_RX/U0_deserializer/P_DATA_reg[6]
  Impl DFF        Imp:/WORK/SYS_TOP_dft/UART_INST/U0_UART_RX/U0_deserializer/P_DATA_reg[6]

  Ref  DFF        Ref:/WORK/SYS_TOP_dft/UART_INST/U0_UART_RX/U0_deserializer/P_DATA_reg[7]
  Impl DFF        Imp:/WORK/SYS_TOP_dft/UART_INST/U0_UART_RX/U0_deserializer/P_DATA_reg[7]

  Ref  DFF        Ref:/WORK/SYS_TOP_dft/UART_INST/U0_UART_RX/U0_edge_bit_counter/bit_count_reg[0]
  Impl DFF        Imp:/WORK/SYS_TOP_dft/UART_INST/U0_UART_RX/U0_edge_bit_counter/bit_count_reg[0]

  Ref  DFF        Ref:/WORK/SYS_TOP_dft/UART_INST/U0_UART_RX/U0_edge_bit_counter/bit_count_reg[1]
  Impl DFF        Imp:/WORK/SYS_TOP_dft/UART_INST/U0_UART_RX/U0_edge_bit_counter/bit_count_reg[1]

  Ref  DFF        Ref:/WORK/SYS_TOP_dft/UART_INST/U0_UART_RX/U0_edge_bit_counter/bit_count_reg[2]
  Impl DFF        Imp:/WORK/SYS_TOP_dft/UART_INST/U0_UART_RX/U0_edge_bit_counter/bit_count_reg[2]

  Ref  DFF        Ref:/WORK/SYS_TOP_dft/UART_INST/U0_UART_RX/U0_edge_bit_counter/bit_count_reg[3]
  Impl DFF        Imp:/WORK/SYS_TOP_dft/UART_INST/U0_UART_RX/U0_edge_bit_counter/bit_count_reg[3]

  Ref  DFF        Ref:/WORK/SYS_TOP_dft/UART_INST/U0_UART_RX/U0_edge_bit_counter/edge_count_reg[0]
  Impl DFF        Imp:/WORK/SYS_TOP_dft/UART_INST/U0_UART_RX/U0_edge_bit_counter/edge_count_reg[0]

  Ref  DFF        Ref:/WORK/SYS_TOP_dft/UART_INST/U0_UART_RX/U0_edge_bit_counter/edge_count_reg[1]
  Impl DFF        Imp:/WORK/SYS_TOP_dft/UART_INST/U0_UART_RX/U0_edge_bit_counter/edge_count_reg[1]

  Ref  DFF        Ref:/WORK/SYS_TOP_dft/UART_INST/U0_UART_RX/U0_edge_bit_counter/edge_count_reg[2]
  Impl DFF        Imp:/WORK/SYS_TOP_dft/UART_INST/U0_UART_RX/U0_edge_bit_counter/edge_count_reg[2]

  Ref  DFF        Ref:/WORK/SYS_TOP_dft/UART_INST/U0_UART_RX/U0_edge_bit_counter/edge_count_reg[3]
  Impl DFF        Imp:/WORK/SYS_TOP_dft/UART_INST/U0_UART_RX/U0_edge_bit_counter/edge_count_reg[3]

  Ref  DFF        Ref:/WORK/SYS_TOP_dft/UART_INST/U0_UART_RX/U0_edge_bit_counter/edge_count_reg[4]
  Impl DFF        Imp:/WORK/SYS_TOP_dft/UART_INST/U0_UART_RX/U0_edge_bit_counter/edge_count_reg[4]

  Ref  DFF        Ref:/WORK/SYS_TOP_dft/UART_INST/U0_UART_RX/U0_edge_bit_counter/edge_count_reg[5]
  Impl DFF        Imp:/WORK/SYS_TOP_dft/UART_INST/U0_UART_RX/U0_edge_bit_counter/edge_count_reg[5]

  Ref  DFF        Ref:/WORK/SYS_TOP_dft/UART_INST/U0_UART_RX/U0_par_chk/par_err_reg
  Impl DFF        Imp:/WORK/SYS_TOP_dft/UART_INST/U0_UART_RX/U0_par_chk/par_err_reg

  Ref  DFF        Ref:/WORK/SYS_TOP_dft/UART_INST/U0_UART_RX/U0_stp_chk/stp_err_reg
  Impl DFF        Imp:/WORK/SYS_TOP_dft/UART_INST/U0_UART_RX/U0_stp_chk/stp_err_reg

  Ref  DFF        Ref:/WORK/SYS_TOP_dft/UART_INST/U0_UART_RX/U0_strt_chk/strt_glitch_reg
  Impl DFF        Imp:/WORK/SYS_TOP_dft/UART_INST/U0_UART_RX/U0_strt_chk/strt_glitch_reg

  Ref  DFF        Ref:/WORK/SYS_TOP_dft/UART_INST/U0_UART_RX/U0_uart_fsm/current_state_reg[0]
  Impl DFF        Imp:/WORK/SYS_TOP_dft/UART_INST/U0_UART_RX/U0_uart_fsm/current_state_reg[0]

  Ref  DFF        Ref:/WORK/SYS_TOP_dft/UART_INST/U0_UART_RX/U0_uart_fsm/current_state_reg[1]
  Impl DFF        Imp:/WORK/SYS_TOP_dft/UART_INST/U0_UART_RX/U0_uart_fsm/current_state_reg[1]

  Ref  DFF        Ref:/WORK/SYS_TOP_dft/UART_INST/U0_UART_RX/U0_uart_fsm/current_state_reg[2]
  Impl DFF        Imp:/WORK/SYS_TOP_dft/UART_INST/U0_UART_RX/U0_uart_fsm/current_state_reg[2]

  Ref  DFF        Ref:/WORK/SYS_TOP_dft/UART_INST/U0_UART_TX/U0_Serializer/DATA_V_reg[0]
  Impl DFF        Imp:/WORK/SYS_TOP_dft/UART_INST/U0_UART_TX/U0_Serializer/DATA_V_reg[0]

  Ref  DFF        Ref:/WORK/SYS_TOP_dft/UART_INST/U0_UART_TX/U0_Serializer/DATA_V_reg[1]
  Impl DFF        Imp:/WORK/SYS_TOP_dft/UART_INST/U0_UART_TX/U0_Serializer/DATA_V_reg[1]

  Ref  DFF        Ref:/WORK/SYS_TOP_dft/UART_INST/U0_UART_TX/U0_Serializer/DATA_V_reg[2]
  Impl DFF        Imp:/WORK/SYS_TOP_dft/UART_INST/U0_UART_TX/U0_Serializer/DATA_V_reg[2]

  Ref  DFF        Ref:/WORK/SYS_TOP_dft/UART_INST/U0_UART_TX/U0_Serializer/DATA_V_reg[3]
  Impl DFF        Imp:/WORK/SYS_TOP_dft/UART_INST/U0_UART_TX/U0_Serializer/DATA_V_reg[3]

  Ref  DFF        Ref:/WORK/SYS_TOP_dft/UART_INST/U0_UART_TX/U0_Serializer/DATA_V_reg[4]
  Impl DFF        Imp:/WORK/SYS_TOP_dft/UART_INST/U0_UART_TX/U0_Serializer/DATA_V_reg[4]

  Ref  DFF        Ref:/WORK/SYS_TOP_dft/UART_INST/U0_UART_TX/U0_Serializer/DATA_V_reg[5]
  Impl DFF        Imp:/WORK/SYS_TOP_dft/UART_INST/U0_UART_TX/U0_Serializer/DATA_V_reg[5]

  Ref  DFF        Ref:/WORK/SYS_TOP_dft/UART_INST/U0_UART_TX/U0_Serializer/DATA_V_reg[6]
  Impl DFF        Imp:/WORK/SYS_TOP_dft/UART_INST/U0_UART_TX/U0_Serializer/DATA_V_reg[6]

  Ref  DFF        Ref:/WORK/SYS_TOP_dft/UART_INST/U0_UART_TX/U0_Serializer/DATA_V_reg[7]
  Impl DFF        Imp:/WORK/SYS_TOP_dft/UART_INST/U0_UART_TX/U0_Serializer/DATA_V_reg[7]

  Ref  DFF        Ref:/WORK/SYS_TOP_dft/UART_INST/U0_UART_TX/U0_Serializer/ser_count_reg[0]
  Impl DFF        Imp:/WORK/SYS_TOP_dft/UART_INST/U0_UART_TX/U0_Serializer/ser_count_reg[0]

  Ref  DFF        Ref:/WORK/SYS_TOP_dft/UART_INST/U0_UART_TX/U0_Serializer/ser_count_reg[1]
  Impl DFF        Imp:/WORK/SYS_TOP_dft/UART_INST/U0_UART_TX/U0_Serializer/ser_count_reg[1]

  Ref  DFF        Ref:/WORK/SYS_TOP_dft/UART_INST/U0_UART_TX/U0_Serializer/ser_count_reg[2]
  Impl DFF        Imp:/WORK/SYS_TOP_dft/UART_INST/U0_UART_TX/U0_Serializer/ser_count_reg[2]

  Ref  DFF        Ref:/WORK/SYS_TOP_dft/UART_INST/U0_UART_TX/U0_fsm/busy_reg
  Impl DFF        Imp:/WORK/SYS_TOP_dft/UART_INST/U0_UART_TX/U0_fsm/busy_reg

  Ref  DFF        Ref:/WORK/SYS_TOP_dft/UART_INST/U0_UART_TX/U0_fsm/current_state_reg[0]
  Impl DFF        Imp:/WORK/SYS_TOP_dft/UART_INST/U0_UART_TX/U0_fsm/current_state_reg[0]

  Ref  DFF        Ref:/WORK/SYS_TOP_dft/UART_INST/U0_UART_TX/U0_fsm/current_state_reg[1]
  Impl DFF        Imp:/WORK/SYS_TOP_dft/UART_INST/U0_UART_TX/U0_fsm/current_state_reg[1]

  Ref  DFF        Ref:/WORK/SYS_TOP_dft/UART_INST/U0_UART_TX/U0_fsm/current_state_reg[2]
  Impl DFF        Imp:/WORK/SYS_TOP_dft/UART_INST/U0_UART_TX/U0_fsm/current_state_reg[2]

  Ref  DFF        Ref:/WORK/SYS_TOP_dft/UART_INST/U0_UART_TX/U0_mux/OUT_reg
  Impl DFF        Imp:/WORK/SYS_TOP_dft/UART_INST/U0_UART_TX/U0_mux/OUT_reg

  Ref  DFF        Ref:/WORK/SYS_TOP_dft/UART_INST/U0_UART_TX/U0_parity_calc/DATA_V_reg[0]
  Impl DFF        Imp:/WORK/SYS_TOP_dft/UART_INST/U0_UART_TX/U0_parity_calc/DATA_V_reg[0]

  Ref  DFF        Ref:/WORK/SYS_TOP_dft/UART_INST/U0_UART_TX/U0_parity_calc/DATA_V_reg[1]
  Impl DFF        Imp:/WORK/SYS_TOP_dft/UART_INST/U0_UART_TX/U0_parity_calc/DATA_V_reg[1]

  Ref  DFF        Ref:/WORK/SYS_TOP_dft/UART_INST/U0_UART_TX/U0_parity_calc/DATA_V_reg[2]
  Impl DFF        Imp:/WORK/SYS_TOP_dft/UART_INST/U0_UART_TX/U0_parity_calc/DATA_V_reg[2]

  Ref  DFF        Ref:/WORK/SYS_TOP_dft/UART_INST/U0_UART_TX/U0_parity_calc/DATA_V_reg[3]
  Impl DFF        Imp:/WORK/SYS_TOP_dft/UART_INST/U0_UART_TX/U0_parity_calc/DATA_V_reg[3]

  Ref  DFF        Ref:/WORK/SYS_TOP_dft/UART_INST/U0_UART_TX/U0_parity_calc/DATA_V_reg[4]
  Impl DFF        Imp:/WORK/SYS_TOP_dft/UART_INST/U0_UART_TX/U0_parity_calc/DATA_V_reg[4]

  Ref  DFF        Ref:/WORK/SYS_TOP_dft/UART_INST/U0_UART_TX/U0_parity_calc/DATA_V_reg[5]
  Impl DFF        Imp:/WORK/SYS_TOP_dft/UART_INST/U0_UART_TX/U0_parity_calc/DATA_V_reg[5]

  Ref  DFF        Ref:/WORK/SYS_TOP_dft/UART_INST/U0_UART_TX/U0_parity_calc/DATA_V_reg[6]
  Impl DFF        Imp:/WORK/SYS_TOP_dft/UART_INST/U0_UART_TX/U0_parity_calc/DATA_V_reg[6]

  Ref  DFF        Ref:/WORK/SYS_TOP_dft/UART_INST/U0_UART_TX/U0_parity_calc/DATA_V_reg[7]
  Impl DFF        Imp:/WORK/SYS_TOP_dft/UART_INST/U0_UART_TX/U0_parity_calc/DATA_V_reg[7]

  Ref  DFF        Ref:/WORK/SYS_TOP_dft/UART_INST/U0_UART_TX/U0_parity_calc/parity_reg
  Impl DFF        Imp:/WORK/SYS_TOP_dft/UART_INST/U0_UART_TX/U0_parity_calc/parity_reg

  Ref  Port       Ref:/WORK/SYS_TOP_dft/UART_TX_O
  Impl Port       Imp:/WORK/SYS_TOP_dft/UART_TX_O

  Ref  Port       Ref:/WORK/SYS_TOP_dft/framing_error
  Impl Port       Imp:/WORK/SYS_TOP_dft/framing_error

  Ref  Port       Ref:/WORK/SYS_TOP_dft/parity_error
  Impl Port       Imp:/WORK/SYS_TOP_dft/parity_error

 [BBNet: multiply-driven net
  BBPin: black-box pin
  Cut:   cut-point
  DFF:   non-constant DFF register
  DFF0:  constant 0 DFF register
  DFF1:  constant 1 DFF register
  DFFX:  constant X DFF register
  DFF0X: constrained 0X DFF register
  DFF1X: constrained 1X DFF register
  LAT:   non-constant latch register
  LAT0:  constant 0 latch register
  LAT1:  constant 1 latch register
  LATX:  constant X latch register
  LAT0X: constrained 0X latch register
  LAT1X: constrained 1X latch register
  LATCG: clock-gating latch register
  TLA:   transparent latch register
  TLA0X: transparent constrained 0X latch register
  TLA1X: transparent constrained 1X latch register
  Loop:  cycle break point
  Port:  primary (top-level) port
  Und:   undriven signal cut-point
  Unk:   unknown signal cut-point]

1
